<?xml version="1.0" encoding="UTF-8"?>
<!-- Generated by org.testng.reporters.JUnitReportReporter -->
<testsuite hostname="DESKTOP-F68JF00" failures="0" tests="16" name="HBI_UI.Test_HBI_HomePage_Features_Visible" time="4.318" errors="0" timestamp="2022-09-23T11:09:11 IST" skipped="0">
  <testcase classname="HBI_UI.Test_HBI_HomePage_Features_Visible" name="user_Launch_Chrome" time="1.521"/>
  <system-out/>
  <testcase classname="HBI_UI.Test_HBI_HomePage_Features_Visible" name="user_opens_the_URL" time="2.621"/>
  <system-out/>
  <testcase classname="HBI_UI.Test_HBI_HomePage_Features_Visible" name="homeButton_will_be_displayed" time="0.002"/>
  <system-out/>
  <testcase classname="HBI_UI.Test_HBI_HomePage_Features_Visible" name="recruitersDir_will_be_displayed" time="0.001"/>
  <system-out/>
  <testcase classname="HBI_UI.Test_HBI_HomePage_Features_Visible" name="empDir_will_be_displayed" time="0.127"/>
  <system-out/>
  <testcase classname="HBI_UI.Test_HBI_HomePage_Features_Visible" name="abtUs_will_be_displayed" time="0.004"/>
  <system-out/>
  <testcase classname="HBI_UI.Test_HBI_HomePage_Features_Visible" name="faq_will_be_displayed" time="0.006"/>
  <system-out/>
  <testcase classname="HBI_UI.Test_HBI_HomePage_Features_Visible" name="contactUs_will_be_displayed" time="0.002"/>
  <system-out/>
  <testcase classname="HBI_UI.Test_HBI_HomePage_Features_Visible" name="dashboardButton_will_be_displayed" time="0.005"/>
  <system-out/>
  <testcase classname="HBI_UI.Test_HBI_HomePage_Features_Visible" name="grievanceButton_will_be_displayed" time="0.004"/>
  <system-out/>
  <testcase classname="HBI_UI.Test_HBI_HomePage_Features_Visible" name="health_care_textbox_will_be_displayed" time="0.002"/>
  <system-out/>
  <testcase classname="HBI_UI.Test_HBI_HomePage_Features_Visible" name="search_button_will_be_displayed" time="0.003"/>
  <system-out/>
  <testcase classname="HBI_UI.Test_HBI_HomePage_Features_Visible" name="regd_prof_num_will_be_displayed" time="0.005"/>
  <system-out/>
  <testcase classname="HBI_UI.Test_HBI_HomePage_Features_Visible" name="doc_num_will_be_displayed" time="0.005"/>
  <system-out/>
  <testcase classname="HBI_UI.Test_HBI_HomePage_Features_Visible" name="nurse_num_will_be_displayed" time="0.005"/>
  <system-out/>
  <testcase classname="HBI_UI.Test_HBI_HomePage_Features_Visible" name="other_regd_num_will_be_displayed" time="0.005"/>
  <system-out/>
</testsuite> <!-- HBI_UI.Test_HBI_HomePage_Features_Visible -->
