<?xml version="1.0" encoding="UTF-8"?>
<!-- Generated by org.testng.reporters.JUnitReportReporter -->
<testsuite hostname="DESKTOP-F68JF00" failures="0" tests="1" name="Drug_Registry_APIs.suggestion" time="4.194" errors="0" timestamp="2022-09-20T12:59:50 IST" skipped="0">
  <testcase classname="Drug_Registry_APIs.suggestion" name="suggestionSearchTextBox" time="4.194"/>
  <system-out/>
</testsuite> <!-- Drug_Registry_APIs.suggestion -->
