<?xml version="1.0" encoding="UTF-8"?>
<!-- Generated by org.testng.reporters.JUnitReportReporter -->
<testsuite hostname="DESKTOP-F68JF00" failures="0" tests="16" name="HBI_UI.Test_HBI_HomePage_Features_Visible" time="9.846" errors="0" timestamp="2022-09-20T12:59:50 IST" skipped="0">
  <testcase classname="HBI_UI.Test_HBI_HomePage_Features_Visible" name="user_Launch_Chrome" time="3.523"/>
  <system-out/>
  <testcase classname="HBI_UI.Test_HBI_HomePage_Features_Visible" name="user_opens_the_URL" time="5.931"/>
  <system-out/>
  <testcase classname="HBI_UI.Test_HBI_HomePage_Features_Visible" name="homeButton_will_be_displayed" time="0.291"/>
  <system-out/>
  <testcase classname="HBI_UI.Test_HBI_HomePage_Features_Visible" name="recruitersDir_will_be_displayed" time="0.016"/>
  <system-out/>
  <testcase classname="HBI_UI.Test_HBI_HomePage_Features_Visible" name="empDir_will_be_displayed" time="0.000"/>
  <system-out/>
  <testcase classname="HBI_UI.Test_HBI_HomePage_Features_Visible" name="abtUs_will_be_displayed" time="0.032"/>
  <system-out/>
  <testcase classname="HBI_UI.Test_HBI_HomePage_Features_Visible" name="faq_will_be_displayed" time="0.000"/>
  <system-out/>
  <testcase classname="HBI_UI.Test_HBI_HomePage_Features_Visible" name="contactUs_will_be_displayed" time="0.017"/>
  <system-out/>
  <testcase classname="HBI_UI.Test_HBI_HomePage_Features_Visible" name="dashboardButton_will_be_displayed" time="0.000"/>
  <system-out/>
  <testcase classname="HBI_UI.Test_HBI_HomePage_Features_Visible" name="grievanceButton_will_be_displayed" time="0.000"/>
  <system-out/>
  <testcase classname="HBI_UI.Test_HBI_HomePage_Features_Visible" name="health_care_textbox_will_be_displayed" time="0.005"/>
  <system-out/>
  <testcase classname="HBI_UI.Test_HBI_HomePage_Features_Visible" name="search_button_will_be_displayed" time="0.016"/>
  <system-out/>
  <testcase classname="HBI_UI.Test_HBI_HomePage_Features_Visible" name="regd_prof_num_will_be_displayed" time="0.000"/>
  <system-out/>
  <testcase classname="HBI_UI.Test_HBI_HomePage_Features_Visible" name="doc_num_will_be_displayed" time="0.000"/>
  <system-out/>
  <testcase classname="HBI_UI.Test_HBI_HomePage_Features_Visible" name="nurse_num_will_be_displayed" time="0.015"/>
  <system-out/>
  <testcase classname="HBI_UI.Test_HBI_HomePage_Features_Visible" name="other_regd_num_will_be_displayed" time="0.000"/>
  <system-out/>
</testsuite> <!-- HBI_UI.Test_HBI_HomePage_Features_Visible -->
